Tue Dec  6 14:25:20 GMT 2016
Py:Athena            INFO including file "AthenaCommon/Preparation.py"
Py:Athena            INFO using release [AthAnalysisBase-2.4.19] [x86_64-slc6-gcc49-opt] [AthAnalysisBase-2.4.X/rel_2] -- built on [2016-09-19 17:26]
Py:Athena            INFO including file "AthenaCommon/Bootstrap.py"
Py:Athena            INFO including file "AthenaCommon/Atlas.UnixStandardJob.py"
Py:Athena            INFO executing ROOT6Setup
[?1034hPy:Athena            INFO including file "AthenaCommon/Execution.py"
Py:Athena            INFO including file "testMetMaker/share/MyAlgJobo.py"
Py:ConfigurableDb    INFO Read module info for 611 configurables from 3 genConfDb files
Py:ConfigurableDb    INFO No duplicates have been found: that's good !
Py:Athena            INFO including file "AthAnalysisBaseComps/SuppressLogging.py"
Py:Athena            INFO including file "AthenaCommon/runbatch.py"
ApplicationMgr       INFO Updating Gaudi::PluginService::SetDebug(level) to level=0
ApplicationMgr    SUCCESS 
====================================================================================================================================
                                                   Welcome to ApplicationMgr (GaudiCoreSvc v3r4)
                                          running on pplxint8.physics.ox.ac.uk on Tue Dec  6 14:25:26 2016
====================================================================================================================================
ApplicationMgr       INFO Successfully loaded modules : AthenaServices
ApplicationMgr       INFO Application Manager Configured successfully
ApplicationMgr       INFO Updating Gaudi::PluginService::SetDebug(level) to level=0
StatusCodeSvc        INFO initialize
ChronoStatSvc        INFO  Number of skipped events for MemStat-1
AthAlgSeq            INFO Member list: CP::CalibratedMuonsProvider, CP::CalibratedEgammaProvider, MyAlg/MyMETAlg
ToolSvc.MuonCal...   INFO Initialising...
CP::CalibratedE...   INFO Initialising...
ToolSvc.AutoCon...   INFO Initialization
ToolSvc.AutoCon...WARNING no decorrelation model specified, assuming full model
eg_resolution        INFO Initialize eg_resolution
egammaMVACalib       INFO Accessing calibration from egammaMVACalib/v1
egammaMVACalib       INFO Reading weights from egammaMVACalib/v1
egammaMVACalib       INFO 102 readers created
egammaMVACalib       INFO egammaMVACalib::printReadersInfo 100 eta bin(s) -- ( 0 < abs(el_cl_eta) < 2.47
egammaMVACalib       INFO egammaMVACalib::printReadersInfo 100 energy bin(s) -- ( 0  < (el_rawcl_Es1 + el_rawcl_Es2 + el_rawcl_Es3)/cosh(el_cl_eta) < 50000GeV
egammaMVACalib       INFO Number of variables:8
EgammaMVATool        INFO Using layer correction
EgammaMVATool        INFO 9 variables for electrons
MVATreeElectron      INFO creating tree for 9 variables: el_cl_E,el_cl_eta,el_cl_etaCalo,el_cl_phiCalo,el_rawcl_Es0,el_rawcl_Es1,el_rawcl_Es2,el_rawcl_Es3,el_rawcl_calibHitsShowerDepth
egammaMVACalib       INFO Variable that defines particleType not set. Using default formula: ph_Rconv > 0. && ph_Rconv < 800.
egammaMVACalib       INFO Accessing calibration from egammaMVACalib/v1
egammaMVACalib       INFO Reading weights from egammaMVACalib/v1
egammaMVACalib       INFO 204 readers created
egammaMVACalib       INFO egammaMVACalib::printReadersInfo 100 eta bin(s) -- ( 0 < abs(ph_cl_eta) < 2.47
egammaMVACalib       INFO egammaMVACalib::printReadersInfo 100 energy bin(s) -- ( 0  < (ph_rawcl_Es1 + ph_rawcl_Es2 + ph_rawcl_Es3)/cosh(ph_cl_eta) < 50000GeV
egammaMVACalib       INFO Number of variables:12
EgammaMVATool        INFO configuration does not contain list of variables, try to guess:
EgammaMVATool        INFO 17 variables for photons
EgammaMVATool        INFO   ph_Rconv
EgammaMVATool        INFO   ph_cl_E
EgammaMVATool        INFO   ph_cl_eta
EgammaMVATool        INFO   ph_cl_etaCalo
EgammaMVATool        INFO   ph_cl_phiCalo
EgammaMVATool        INFO   ph_convtrk1nPixHits
EgammaMVATool        INFO   ph_convtrk1nSCTHits
EgammaMVATool        INFO   ph_convtrk2nPixHits
EgammaMVATool        INFO   ph_convtrk2nSCTHits
EgammaMVATool        INFO   ph_pt1conv
EgammaMVATool        INFO   ph_pt2conv
EgammaMVATool        INFO   ph_ptconv
EgammaMVATool        INFO   ph_rawcl_Es0
EgammaMVATool        INFO   ph_rawcl_Es1
EgammaMVATool        INFO   ph_rawcl_Es2
EgammaMVATool        INFO   ph_rawcl_Es3
EgammaMVATool        INFO   ph_rawcl_calibHitsShowerDepth
MVATreePhoton        INFO creating tree for 17 variables: ph_Rconv,ph_cl_E,ph_cl_eta,ph_cl_etaCalo,ph_cl_phiCalo,ph_convtrk1nPixHits,ph_convtrk1nSCTHits,ph_convtrk2nPixHits,ph_convtrk2nSCTHits,ph_pt1conv,ph_pt2conv,ph_ptconv,ph_rawcl_Es0,ph_rawcl_Es1,ph_rawcl_Es2,ph_rawcl_Es3,ph_rawcl_calibHitsShowerDepth
egammaLayerReca...   INFO using scale 2012_alt_with_layer2
egammaLayerReca...   INFO using scale ps_HV1
egammaLayerReca...   INFO using scale layer2_alt_2012_v5
egammaLayerReca...   INFO using scale ps_2012
ToolSvc.AutoCon...   INFO ESModel: es2012c
ToolSvc.AutoCon...   INFO ResolutionType: SigmaEff90
ToolSvc.AutoCon...   INFO layer correction = 2
ToolSvc.AutoCon...   INFO PS correction = 2
ToolSvc.AutoCon...   INFO S12 correction = 2
ToolSvc.AutoCon...   INFO layer2 recalibration = 2
ToolSvc.AutoCon...   INFO intermodule correction = 1
ToolSvc.AutoCon...   INFO phi uniformity correction = 1
ToolSvc.AutoCon...   INFO gain correction = 1
ToolSvc.AutoCon...   INFO smearing = 2
ToolSvc.AutoCon...   INFO insitu scales = 2
ToolSvc.AutoCon...   INFO ep combination = 0
ToolSvc.AutoCon...   INFO use MVA calibration = 2
ToolSvc.AutoCon...   INFO use temperature correction 2015 = 2
ToolSvc.AutoCon...   INFO use uA2MeV correction 2015 1/2 week = 2
MyMETAlg             INFO Initializing MyMETAlg...
MyMETAlg             INFO Retrieving tools...
ToolSvc.METMaker     INFO Initializing ToolSvc.METMaker...
ToolSvc.MuonSel...   INFO Initialising...
ToolSvc.MuonSel...   INFO Maximum eta: 2.7
ToolSvc.MuonSel...   INFO Muon quality: 1
ToolSvc.MuonSel...   INFO Initialising tight working point histograms...
ToolSvc.MuonSel...   INFO Reading muon tight working point histograms from /cvmfs/atlas.cern.ch/repo/sw/database/GroupData/MuonSelectorTools/PreRec2016_2016-04-13/muonSelection_tightWPHisto.root
ToolSvc.MuonSel...   INFO Successfully read tight working point histogram: tightWP_lowPt_rhoCuts
ToolSvc.MuonSel...   INFO Successfully read tight working point histogram: tightWP_lowPt_qOverPCuts
ToolSvc.MuonSel...   INFO Successfully read tight working point histogram: tightWP_mediumPt_rhoCuts
ToolSvc.MuonSel...   INFO Successfully read tight working point histogram: tightWP_highPt_rhoCuts
ToolSvc.EleSelTool   INFO operating point : MediumLHElectron
ToolSvc.PhotonS...   INFO operating point : Tight
ToolSvc.TauSele...   INFO Initializing TauSelectionTool
ToolSvc.TauSele...   INFO Initializing TauOverlappingElectronLLHDecorator
ToolSvc.TauSele...   INFO Loading ele OLR cut file TauAnalysisTools/00-02-17/Selection/eveto_cutvals.root
ToolSvc.myJESTool    INFO Initializing ToolSvc.myJESTool...
ToolSvc.myJESTool    INFO ===================================

ToolSvc.myJESTool    INFO Initializing the xAOD Jet Calibration Tool for AntiKt4EMTopojets

ToolSvc.myJESTool    INFO Reading global JES settings from: JES_MC15Prerecommendation_April2015.config
ToolSvc.myJESTool    INFO resolved in: /cvmfs/atlas.cern.ch/repo/sw/database/GroupData/JetCalibTools/CalibArea-00-04-65/CalibrationConfigs/JES_MC15Prerecommendation_April2015.config

ToolSvc.myJESTool    INFO Initializing pileup correction.
ToolSvc.myJESTo...   INFO JetPileupCorrection: Starting scale: JetConstitScaleMomentum
ToolSvc.myJESTo...   INFO Jet area pile up correction will be applied.

ToolSvc.myJESTo...   INFO Reading residual jet-area pile-up correction factors from: /cvmfs/atlas.cern.ch/repo/sw/database/GroupData/JetCalibTools/CalibArea-00-04-65/CalibrationFactors/MCBasedOffset_April2015.config
ToolSvc.myJESTo...   INFO Description: Residual 2015 mu- and N_{PV}-dependent jet pileup corrections

ToolSvc.myJESTool    INFO Initializing JES correction.
ToolSvc.myJESTo...   INFO Reading absolute calibration factors from: /cvmfs/atlas.cern.ch/repo/sw/database/GroupData/JetCalibTools/CalibArea-00-04-65/CalibrationFactors/MC15_EM_LCW_JES_v1.config
ToolSvc.myJESTo...   INFO Description: JES derived May 2015 with Jet Areas, for application to MC15

ToolSvc.myJESTool    INFO Initializing GSC correction.
ToolSvc.myJESTo...   INFO Initializing the Global Sequential Calibration tool
ToolSvc.myJESTo...   INFO GSC Tool has been initialized with binning and eta fit factors from: /cvmfs/atlas.cern.ch/repo/sw/database/GroupData/JetCalibTools/CalibArea-00-04-65/CalibrationFactors/MC15_GSC_factors_Aug2015.root

ToolSvc.myJESTool    INFO ===================================
RootDatabase.open Success /afs/cern.ch/user/a/asgbase/patspace/xAODs/r7725/mc15_13TeV.410000.PowhegPythiaEvtGen_P2012_ttbar_hdamp172p5_nonallhad.merge.AOD.e3698_s2608_s2183_r7725_r7676/AOD.07915862._000100.pool.root.1 File version:1060414
ApplicationMgr       INFO Application Manager Initialized successfully
ApplicationMgr       INFO Application Manager Started successfully
MyMETAlg             INFO Rebuilt MET is: 
MyMETAlg             INFO   met_x: -12447.3
MyMETAlg             INFO   met_y: 11624.3
MyMETAlg             INFO   met  : 17031.2
MyMETAlg             INFO   phi  : 2.39037
MyMETAlg             INFO   sumet: 71040
MyMETAlg             INFO Rebuilt MET is: 
MyMETAlg             INFO   met_x: -18003
MyMETAlg             INFO   met_y: -7229.53
MyMETAlg             INFO   met  : 19400.4
MyMETAlg             INFO   phi  : -2.75973
MyMETAlg             INFO   sumet: 53072.3
MyMETAlg             INFO Rebuilt MET is: 
MyMETAlg             INFO   met_x: 17228.1
MyMETAlg             INFO   met_y: -9613.87
MyMETAlg             INFO   met  : 19729
MyMETAlg             INFO   phi  : -0.50899
MyMETAlg             INFO   sumet: 41995.6
MyMETAlg             INFO Rebuilt MET is: 
MyMETAlg             INFO   met_x: -6571.01
MyMETAlg             INFO   met_y: -23928.4
MyMETAlg             INFO   met  : 24814.2
MyMETAlg             INFO   phi  : -1.8388
MyMETAlg             INFO   sumet: 56004.5
MyMETAlg             INFO Rebuilt MET is: 
MyMETAlg             INFO   met_x: 13007.1
MyMETAlg             INFO   met_y: -5481.32
MyMETAlg             INFO   met  : 14114.9
MyMETAlg             INFO   phi  : -0.398826
MyMETAlg             INFO   sumet: 73219.9
MyMETAlg             INFO Rebuilt MET is: 
MyMETAlg             INFO   met_x: -6699.48
MyMETAlg             INFO   met_y: 7230.48
MyMETAlg             INFO   met  : 9857.12
MyMETAlg             INFO   phi  : 2.31809
MyMETAlg             INFO   sumet: 54913.7
MyMETAlg             INFO Rebuilt MET is: 
MyMETAlg             INFO   met_x: 4935.76
MyMETAlg             INFO   met_y: -1408.18
MyMETAlg             INFO   met  : 5132.71
MyMETAlg             INFO   phi  : -0.277918
MyMETAlg             INFO   sumet: 97363.9
MyMETAlg             INFO Rebuilt MET is: 
MyMETAlg             INFO   met_x: -23108.4
MyMETAlg             INFO   met_y: 2679.1
MyMETAlg             INFO   met  : 23263.2
MyMETAlg             INFO   phi  : 3.02617
MyMETAlg             INFO   sumet: 94392.7
MyMETAlg             INFO Rebuilt MET is: 
MyMETAlg             INFO   met_x: -1096.27
MyMETAlg             INFO   met_y: 9126.46
MyMETAlg             INFO   met  : 9192.06
MyMETAlg             INFO   phi  : 1.69034
MyMETAlg             INFO   sumet: 28497.6
MyMETAlg             INFO Rebuilt MET is: 
MyMETAlg             INFO   met_x: 21413.9
MyMETAlg             INFO   met_y: 24511.8
MyMETAlg             INFO   met  : 32548.2
MyMETAlg             INFO   phi  : 0.85275
MyMETAlg             INFO   sumet: 82096.5
ApplicationMgr       INFO Application Manager Stopped successfully
MyMETAlg             INFO Finalizing MyMETAlg...
AthAlgSeq            INFO Finalizing AthAlgSeq...
ToolSvc              INFO Removing all tools created by ToolSvc
ToolSvc.myJESTool    INFO Finalizing ToolSvc.myJESTool...
ToolSvc.METMaker     INFO Finalizing ToolSvc.METMaker...
*****Chrono*****     INFO ****************************************************************************************************
*****Chrono*****     INFO  The Final CPU consumption ( Chrono ) Table (ordered)
*****Chrono*****     INFO ****************************************************************************************************
AthenaSealSvc::...   INFO Time User   : Tot=   13 [ms]                                             #=  1
ChronoStatSvc        INFO Time User   : Tot= 19.8  [s]                                             #=  1
*****Chrono*****     INFO ****************************************************************************************************
ChronoStatSvc.f...   INFO  Service finalized successfully 
ApplicationMgr       INFO Application Manager Finalized successfully
ApplicationMgr       INFO Application Manager Terminated successfully
Py:Athena            INFO leaving with code 0: "successful run"
