Fri Jan 27 09:33:39 GMT 2017
Py:Athena            INFO including file "AthenaCommon/Preparation.py"
Py:Athena            INFO using release [AthAnalysisBase-2.4.25] [x86_64-slc6-gcc49-opt] [AthAnalysisBase-2.4.X/rel_3] -- built on [2017-01-18 06:13]
Py:Athena            INFO including file "AthenaCommon/Bootstrap.py"
Py:Athena            INFO including file "AthenaCommon/Atlas.UnixStandardJob.py"
Py:Athena            INFO executing ROOT6Setup
[?1034hPy:Athena            INFO including file "AthenaCommon/Execution.py"
Py:Athena            INFO including file "testMetMaker/share/MyAlgJobo.py"
Py:ConfigurableDb    INFO Read module info for 621 configurables from 3 genConfDb files
Py:ConfigurableDb    INFO No duplicates have been found: that's good !
Py:Athena            INFO including file "AthAnalysisBaseComps/SuppressLogging.py"
Py:Athena            INFO including file "AthenaCommon/runbatch.py"
ApplicationMgr       INFO Updating Gaudi::PluginService::SetDebug(level) to level=0
ApplicationMgr    SUCCESS 
====================================================================================================================================
                                                   Welcome to ApplicationMgr (GaudiCoreSvc v3r4)
                                          running on pplxint8.physics.ox.ac.uk on Fri Jan 27 09:33:45 2017
====================================================================================================================================
ApplicationMgr       INFO Successfully loaded modules : AthenaServices
ApplicationMgr       INFO Application Manager Configured successfully
ApplicationMgr       INFO Updating Gaudi::PluginService::SetDebug(level) to level=0
StatusCodeSvc        INFO initialize
ChronoStatSvc        INFO  Number of skipped events for MemStat-1
AthAlgSeq            INFO Member list: CP::CalibratedMuonsProvider, CP::CalibratedEgammaProvider/ElectronCalib, CP::CalibratedEgammaProvider/PhotonCalib, MyAlg/MyMETAlg
ToolSvc.MuonCal...   INFO Initialising...
ElectronCalib        INFO Initialising...
ToolSvc.AutoCon...   INFO Initialization
ToolSvc.AutoCon...WARNING no decorrelation model specified, assuming full model
eg_resolution        INFO Initialize eg_resolution
egammaMVACalib       INFO Accessing calibration from egammaMVACalib/v1
egammaMVACalib       INFO Reading weights from egammaMVACalib/v1
egammaMVACalib       INFO 102 readers created
egammaMVACalib       INFO egammaMVACalib::printReadersInfo 100 eta bin(s) -- ( 0 < abs(el_cl_eta) < 2.47
egammaMVACalib       INFO egammaMVACalib::printReadersInfo 100 energy bin(s) -- ( 0  < (el_rawcl_Es1 + el_rawcl_Es2 + el_rawcl_Es3)/cosh(el_cl_eta) < 50000GeV
egammaMVACalib       INFO Number of variables:8
EgammaMVATool        INFO Using layer correction
EgammaMVATool        INFO 9 variables for electrons
MVATreeElectron      INFO creating tree for 9 variables: el_cl_E,el_cl_eta,el_cl_etaCalo,el_cl_phiCalo,el_rawcl_Es0,el_rawcl_Es1,el_rawcl_Es2,el_rawcl_Es3,el_rawcl_calibHitsShowerDepth
egammaMVACalib       INFO Variable that defines particleType not set. Using default formula: ph_Rconv > 0. && ph_Rconv < 800.
egammaMVACalib       INFO Accessing calibration from egammaMVACalib/v1
egammaMVACalib       INFO Reading weights from egammaMVACalib/v1
egammaMVACalib       INFO 204 readers created
egammaMVACalib       INFO egammaMVACalib::printReadersInfo 100 eta bin(s) -- ( 0 < abs(ph_cl_eta) < 2.47
egammaMVACalib       INFO egammaMVACalib::printReadersInfo 100 energy bin(s) -- ( 0  < (ph_rawcl_Es1 + ph_rawcl_Es2 + ph_rawcl_Es3)/cosh(ph_cl_eta) < 50000GeV
egammaMVACalib       INFO Number of variables:12
EgammaMVATool        INFO configuration does not contain list of variables, try to guess:
EgammaMVATool        INFO 17 variables for photons
EgammaMVATool        INFO   ph_Rconv
EgammaMVATool        INFO   ph_cl_E
EgammaMVATool        INFO   ph_cl_eta
EgammaMVATool        INFO   ph_cl_etaCalo
EgammaMVATool        INFO   ph_cl_phiCalo
EgammaMVATool        INFO   ph_convtrk1nPixHits
EgammaMVATool        INFO   ph_convtrk1nSCTHits
EgammaMVATool        INFO   ph_convtrk2nPixHits
EgammaMVATool        INFO   ph_convtrk2nSCTHits
EgammaMVATool        INFO   ph_pt1conv
EgammaMVATool        INFO   ph_pt2conv
EgammaMVATool        INFO   ph_ptconv
EgammaMVATool        INFO   ph_rawcl_Es0
EgammaMVATool        INFO   ph_rawcl_Es1
EgammaMVATool        INFO   ph_rawcl_Es2
EgammaMVATool        INFO   ph_rawcl_Es3
EgammaMVATool        INFO   ph_rawcl_calibHitsShowerDepth
MVATreePhoton        INFO creating tree for 17 variables: ph_Rconv,ph_cl_E,ph_cl_eta,ph_cl_etaCalo,ph_cl_phiCalo,ph_convtrk1nPixHits,ph_convtrk1nSCTHits,ph_convtrk2nPixHits,ph_convtrk2nSCTHits,ph_pt1conv,ph_pt2conv,ph_ptconv,ph_rawcl_Es0,ph_rawcl_Es1,ph_rawcl_Es2,ph_rawcl_Es3,ph_rawcl_calibHitsShowerDepth
egammaLayerReca...   INFO using scale 2012_alt_with_layer2
egammaLayerReca...   INFO using scale ps_HV1
egammaLayerReca...   INFO using scale layer2_alt_2012_v5
egammaLayerReca...   INFO using scale ps_2012
ToolSvc.AutoCon...   INFO ESModel: es2012c
ToolSvc.AutoCon...   INFO ResolutionType: SigmaEff90
ToolSvc.AutoCon...   INFO layer correction = 2
ToolSvc.AutoCon...   INFO PS correction = 2
ToolSvc.AutoCon...   INFO S12 correction = 2
ToolSvc.AutoCon...   INFO layer2 recalibration = 2
ToolSvc.AutoCon...   INFO intermodule correction = 1
ToolSvc.AutoCon...   INFO phi uniformity correction = 1
ToolSvc.AutoCon...   INFO gain correction = 1
ToolSvc.AutoCon...   INFO smearing = 2
ToolSvc.AutoCon...   INFO insitu scales = 2
ToolSvc.AutoCon...   INFO ep combination = 0
ToolSvc.AutoCon...   INFO use MVA calibration = 2
ToolSvc.AutoCon...   INFO use temperature correction 2015 = 2
ToolSvc.AutoCon...   INFO use uA2MeV correction 2015 1/2 week = 2
PhotonCalib          INFO Initialising...
MyMETAlg             INFO Histogram booked 
THistSvc             INFO registered file [myfile.root]... [ok]
MyMETAlg             INFO Initializing MyMETAlg...
MyMETAlg             INFO Retrieving tools...
ToolSvc.METMaker     INFO Initializing ToolSvc.METMaker...
ToolSvc.MuonSel...   INFO Initialising...
ToolSvc.MuonSel...   INFO Maximum eta: 2.7
ToolSvc.MuonSel...   INFO Muon quality: 1
ToolSvc.MuonSel...   INFO Initialising tight working point histograms...
ToolSvc.MuonSel...   INFO Reading muon tight working point histograms from /cvmfs/atlas.cern.ch/repo/sw/database/GroupData/MuonSelectorTools/PreRec2016_2016-04-13/muonSelection_tightWPHisto.root
ToolSvc.MuonSel...   INFO Successfully read tight working point histogram: tightWP_lowPt_rhoCuts
ToolSvc.MuonSel...   INFO Successfully read tight working point histogram: tightWP_lowPt_qOverPCuts
ToolSvc.MuonSel...   INFO Successfully read tight working point histogram: tightWP_mediumPt_rhoCuts
ToolSvc.MuonSel...   INFO Successfully read tight working point histogram: tightWP_highPt_rhoCuts
ToolSvc.EleSelTool   INFO operating point : MediumLHElectron
ToolSvc.PhotonS...   INFO operating point : Tight
ToolSvc.TauSele...   INFO Initializing TauSelectionTool
ToolSvc.TauSele...   INFO Initializing TauOverlappingElectronLLHDecorator
ToolSvc.TauSele...   INFO Loading ele OLR cut file TauAnalysisTools/00-02-35/Selection/eveto_cutvals.root
ToolSvc.myJESTool    INFO Initializing ToolSvc.myJESTool...
ToolSvc.myJESTool    INFO ===================================
ToolSvc.myJESTool    INFO Initializing the xAOD Jet Calibration Tool for AntiKt4EMTopojets
ToolSvc.myJESTool    INFO Reading global JES settings from: JES_MC15cRecommendation_May2016.config
ToolSvc.myJESTool    INFO resolved in: /cvmfs/atlas.cern.ch/repo/sw/database/GroupData/JetCalibTools/CalibArea-00-04-76/CalibrationConfigs/JES_MC15cRecommendation_May2016.config
ToolSvc.myJESTool    INFO Initializing pileup correction.
ToolSvc.myJESTo...   INFO JetPileupCorrection: Starting scale: JetConstitScaleMomentum
ToolSvc.myJESTo...   INFO Jet area pile up correction will be applied.
ToolSvc.myJESTo...   INFO Reading residual jet-area pile-up correction factors from: /cvmfs/atlas.cern.ch/repo/sw/database/GroupData/JetCalibTools/CalibArea-00-04-76/CalibrationFactors/MCBasedOffset_April2015.config
ToolSvc.myJESTo...   INFO Description: Residual 2015 mu- and N_{PV}-dependent jet pileup corrections
ToolSvc.myJESTool    INFO Initializing JES correction.
ToolSvc.myJESTo...   INFO Reading absolute calibration factors from: /cvmfs/atlas.cern.ch/repo/sw/database/GroupData/JetCalibTools/CalibArea-00-04-76/CalibrationFactors/MC15_EM_LCW_JES_v1.config
ToolSvc.myJESTo...   INFO Description: JES derived May 2015 with Jet Areas, for application to MC15
ToolSvc.myJESTool    INFO Initializing GSC correction.
ToolSvc.myJESTo...   INFO Initializing the Global Sequential Calibration tool
ToolSvc.myJESTo...   INFO GSC Tool has been initialized with binning and eta fit factors from: /cvmfs/atlas.cern.ch/repo/sw/database/GroupData/JetCalibTools/CalibArea-00-04-76/CalibrationFactors/MC15_GSC_factors_Aug2015.root
ToolSvc.myJESTool    INFO Initializing Insitu correction.
ToolSvc.myJESTo...   INFO Reading In-situ correction factors from: /cvmfs/atlas.cern.ch/repo/sw/database/GroupData/JetCalibTools/CalibArea-00-04-76/InsituCalibration/InsituCalibration_20_7_4EM_4LC_30Sep2016.root
ToolSvc.myJESTo...   INFO Tool configured to calibrate data
ToolSvc.myJESTo...   INFO In-situ correction to be applied: 20.7 Eta-Intercalibration and Absolute Insitu
ToolSvc.myJESTool    INFO ===================================
ToolSvc.TrigDec...   INFO Initializing Trig::TrigDecisionTool (standalone version even for athena)
ToolSvc.xAODCon...   INFO Initialising...
ToolSvc.TrigDec...   INFO Initialized TDT
ApplicationMgr       INFO Application Manager Initialized successfully
ApplicationMgr       INFO Application Manager Started successfully
ToolSvc.xAODCon...   INFO Loaded configuration:
ToolSvc.xAODCon...   INFO   SMK = 2229, L1PSK = 4680, HLTPSK = 3344
ToolSvc.TrigDec...   INFO updating config with SMK: 2229 and L1PSK: 4680 and HLTPSK: 3344
ToolSvc.TrigDec...   INFO decision not set on first (?) assert. deciding how to unpack
ToolSvc.TrigDec...   INFO SG contains xAOD decision, use DecisionUnpackerStandalone
MyMETAlg             INFO  muon pt is 29.3877
MyMETAlg             INFO  electron pt is 9.18821
MyMETAlg             INFO  muon pt is 29.3877
MyMETAlg             INFO  electron pt is 10.8746
MyMETAlg             INFO  muon pt is 29.3877
MyMETAlg             INFO  electron pt is 4.97421
MyMETAlg             INFO  muon pt is 29.3877
MyMETAlg             INFO  electron pt is 4.76689
MyMETAlg             INFO  muon pt is 29.3877
MyMETAlg             INFO  electron pt is 4.01968
MyMETAlg             INFO  muon pt is 29.3877
MyMETAlg             INFO  electron pt is 5.04864
MyMETAlg             INFO  muon pt is 29.3877
MyMETAlg             INFO  electron pt is 5.09518
MyMETAlg             INFO  muon pt is 72.4181
MyMETAlg             INFO  electron pt is 4.09921
MyMETAlg             INFO  muon pt is 83.9826
MyMETAlg             INFO  electron pt is 4.32662
MyMETAlg             INFO  muon pt is 30.867
MyMETAlg             INFO  electron pt is 9.50193
MyMETAlg             INFO  muon pt is 30.867
MyMETAlg             INFO  electron pt is 5.40115
MyMETAlg             INFO  muon pt is 34.4325
MyMETAlg             INFO  electron pt is 22.9725
MyMETAlg             INFO  muon pt is 34.1183
MyMETAlg             INFO  electron pt is 5.54277
MyMETAlg             INFO  muon pt is 34.1183
MyMETAlg             INFO  electron pt is 4.12839
MyMETAlg             INFO  muon pt is 34.1183
MyMETAlg             INFO  electron pt is 3.84387
MyMETAlg             INFO  muon pt is 34.1183
MyMETAlg             INFO  electron pt is 3.44897
MyMETAlg             INFO  muon pt is 50.8324
MyMETAlg             INFO  electron pt is 12.4388
MyMETAlg             INFO  muon pt is 50.8324
MyMETAlg             INFO  electron pt is 9.03999
MyMETAlg             INFO  muon pt is 50.8324
MyMETAlg             INFO  electron pt is 8.278
MyMETAlg             INFO  muon pt is 50.8324
MyMETAlg             INFO  electron pt is 7.4572
MyMETAlg             INFO  muon pt is 50.8324
MyMETAlg             INFO  electron pt is 6.34265
MyMETAlg             INFO  muon pt is 50.8324
MyMETAlg             INFO  electron pt is 4.92145
MyMETAlg             INFO  muon pt is 38.5018
MyMETAlg             INFO  electron pt is 12.4388
MyMETAlg             INFO  muon pt is 38.5018
MyMETAlg             INFO  electron pt is 9.03999
MyMETAlg             INFO  muon pt is 38.5018
MyMETAlg             INFO  electron pt is 8.278
MyMETAlg             INFO  muon pt is 38.5018
MyMETAlg             INFO  electron pt is 7.4572
MyMETAlg             INFO  muon pt is 38.5018
MyMETAlg             INFO  electron pt is 6.34265
MyMETAlg             INFO  muon pt is 38.5018
MyMETAlg             INFO  electron pt is 4.92145
MyMETAlg             INFO  muon pt is 52.0984
MyMETAlg             INFO  electron pt is 9.27075
MyMETAlg             INFO  muon pt is 52.0984
MyMETAlg             INFO  electron pt is 6.47645
MyMETAlg             INFO  muon pt is 52.0984
MyMETAlg             INFO  electron pt is 6.33244
MyMETAlg             INFO  muon pt is 52.0984
MyMETAlg             INFO  electron pt is 5.04973
MyMETAlg             INFO  muon pt is 52.0984
MyMETAlg             INFO  electron pt is 5.43793
MyMETAlg             INFO  muon pt is 59.586
MyMETAlg             INFO  electron pt is 9.27075
MyMETAlg             INFO  muon pt is 59.586
MyMETAlg             INFO  electron pt is 6.47645
MyMETAlg             INFO  muon pt is 59.586
MyMETAlg             INFO  electron pt is 6.33244
MyMETAlg             INFO  muon pt is 59.586
MyMETAlg             INFO  electron pt is 5.04973
MyMETAlg             INFO  muon pt is 59.586
MyMETAlg             INFO  electron pt is 5.43793
MyMETAlg             INFO  muon pt is 27.0169
MyMETAlg             INFO  electron pt is 20.7852
MyMETAlg             INFO  muon pt is 27.0169
MyMETAlg             INFO  electron pt is 10.6663
MyMETAlg             INFO  muon pt is 27.0169
MyMETAlg             INFO  electron pt is 8.52368
MyMETAlg             INFO  muon pt is 27.0169
MyMETAlg             INFO  electron pt is 7.55286
MyMETAlg             INFO  muon pt is 27.0169
MyMETAlg             INFO  electron pt is 5.63998
MyMETAlg             INFO  muon pt is 27.0169
MyMETAlg             INFO  electron pt is 4.53913
MyMETAlg             INFO  muon pt is 27.0169
MyMETAlg             INFO  electron pt is 4.31118
MyMETAlg             INFO  muon pt is 27.0169
MyMETAlg             INFO  electron pt is 4.46151
MyMETAlg             INFO  muon pt is 29.7773
MyMETAlg             INFO  electron pt is 11.2956
MyMETAlg             INFO  muon pt is 29.7773
MyMETAlg             INFO  electron pt is 2.9905
MyMETAlg             INFO  muon pt is 27.7414
MyMETAlg             INFO  electron pt is 23.8973
MyMETAlg             INFO  muon pt is 27.7414
MyMETAlg             INFO  electron pt is 12.747
MyMETAlg             INFO  muon pt is 27.7414
MyMETAlg             INFO  electron pt is 10.2164
MyMETAlg             INFO  muon pt is 27.7414
MyMETAlg             INFO  electron pt is 8.2676
MyMETAlg             INFO  muon pt is 27.7414
MyMETAlg             INFO  electron pt is 4.8759
MyMETAlg             INFO  muon pt is 39.1791
MyMETAlg             INFO  electron pt is 15.9913
MyMETAlg             INFO  muon pt is 39.1791
MyMETAlg             INFO  electron pt is 10.5741
MyMETAlg             INFO  muon pt is 39.1791
MyMETAlg             INFO  electron pt is 9.55386
MyMETAlg             INFO  muon pt is 39.1791
MyMETAlg             INFO  electron pt is 6.52485
MyMETAlg             INFO  muon pt is 39.1791
MyMETAlg             INFO  electron pt is 3.5195
MyMETAlg             INFO  muon pt is 35.1932
MyMETAlg             INFO  electron pt is 14.5463
MyMETAlg             INFO  muon pt is 35.1932
MyMETAlg             INFO  electron pt is 8.68829
MyMETAlg             INFO  muon pt is 25.9252
MyMETAlg             INFO  electron pt is 14.8765
MyMETAlg             INFO  muon pt is 25.9252
MyMETAlg             INFO  electron pt is 11.5129
MyMETAlg             INFO  muon pt is 25.9252
MyMETAlg             INFO  electron pt is 8.622
MyMETAlg             INFO  muon pt is 25.9252
MyMETAlg             INFO  electron pt is 7.11771
MyMETAlg             INFO  muon pt is 25.9252
MyMETAlg             INFO  electron pt is 3.79194
MyMETAlg             INFO  muon pt is 33.435
MyMETAlg             INFO  electron pt is 21.5699
MyMETAlg             INFO  muon pt is 33.435
MyMETAlg             INFO  electron pt is 14.4461
MyMETAlg             INFO  muon pt is 33.435
MyMETAlg             INFO  electron pt is 13.0448
MyMETAlg             INFO  muon pt is 33.435
MyMETAlg             INFO  electron pt is 5.50549
MyMETAlg             INFO  muon pt is 33.435
MyMETAlg             INFO  electron pt is 3.98122
MyMETAlg             INFO  muon pt is 39.9949
MyMETAlg             INFO  electron pt is 7.72017
MyMETAlg             INFO  muon pt is 39.9949
MyMETAlg             INFO  electron pt is 7.32187
MyMETAlg             INFO  muon pt is 39.9949
MyMETAlg             INFO  electron pt is 4.75767
MyMETAlg             INFO  muon pt is 39.9949
MyMETAlg             INFO  electron pt is 5.04915
MyMETAlg             INFO  muon pt is 39.9949
MyMETAlg             INFO  electron pt is 5.1129
MyMETAlg             INFO  muon pt is 39.9949
MyMETAlg             INFO  electron pt is 2.75862
MyMETAlg             INFO  muon pt is 39.9949
MyMETAlg             INFO  electron pt is 3.02937
MyMETAlg             INFO  muon pt is 39.9949
MyMETAlg             INFO  electron pt is 4.11618
MyMETAlg             INFO  muon pt is 27.9178
MyMETAlg             INFO  electron pt is 4.5212
MyMETAlg             INFO  muon pt is 27.9178
MyMETAlg             INFO  electron pt is 3.65753
MyMETAlg             INFO  muon pt is 32.993
MyMETAlg             INFO  electron pt is 12.9834
MyMETAlg             INFO  muon pt is 32.993
MyMETAlg             INFO  electron pt is 6.33549
MyMETAlg             INFO  muon pt is 32.993
MyMETAlg             INFO  electron pt is 7.59596
MyMETAlg             INFO  muon pt is 32.993
MyMETAlg             INFO  electron pt is 5.14763
MyMETAlg             INFO  muon pt is 32.993
MyMETAlg             INFO  electron pt is 4.06721
MyMETAlg             INFO  muon pt is 32.993
MyMETAlg             INFO  electron pt is 5.71468
MyMETAlg             INFO  muon pt is 29.9319
MyMETAlg             INFO  electron pt is 14.0214
MyMETAlg             INFO  muon pt is 29.9319
MyMETAlg             INFO  electron pt is 13.6719
MyMETAlg             INFO  muon pt is 29.9319
MyMETAlg             INFO  electron pt is 6.98729
MyMETAlg             INFO  muon pt is 29.9319
MyMETAlg             INFO  electron pt is 4.7081
MyMETAlg             INFO  muon pt is 29.9319
MyMETAlg             INFO  electron pt is 4.53073
MyMETAlg             INFO  muon pt is 40.1705
MyMETAlg             INFO  electron pt is 6.8563
MyMETAlg             INFO  muon pt is 36.8607
MyMETAlg             INFO  electron pt is 14.6584
MyMETAlg             INFO  muon pt is 36.8607
MyMETAlg             INFO  electron pt is 8.92903
MyMETAlg             INFO  muon pt is 36.8607
MyMETAlg             INFO  electron pt is 7.63598
MyMETAlg             INFO  muon pt is 36.8607
MyMETAlg             INFO  electron pt is 3.8768
MyMETAlg             INFO  muon pt is 28.4112
MyMETAlg             INFO  electron pt is 5.68714
MyMETAlg             INFO  muon pt is 28.9728
MyMETAlg             INFO  electron pt is 23.5941
MyMETAlg             INFO  muon pt is 28.9728
MyMETAlg             INFO  electron pt is 3.55409
MyMETAlg             INFO  muon pt is 29.4429
MyMETAlg             INFO  electron pt is 6.15102
MyMETAlg             INFO  muon pt is 29.4429
MyMETAlg             INFO  electron pt is 4.16204
MyMETAlg             INFO  muon pt is 25.4645
MyMETAlg             INFO  electron pt is 15.4086
MyMETAlg             INFO  muon pt is 25.4645
MyMETAlg             INFO  electron pt is 9.80999
MyMETAlg             INFO  muon pt is 25.4645
MyMETAlg             INFO  electron pt is 8.45938
MyMETAlg             INFO  muon pt is 25.4645
MyMETAlg             INFO  electron pt is 4.51955
MyMETAlg             INFO  muon pt is 25.4645
MyMETAlg             INFO  electron pt is 3.75101
MyMETAlg             INFO  muon pt is 25.4645
MyMETAlg             INFO  electron pt is 3.17897
MyMETAlg             INFO  muon pt is 32.699
MyMETAlg             INFO  electron pt is 5.8885
MyMETAlg             INFO  muon pt is 174.856
MyMETAlg             INFO  electron pt is 14.4443
MyMETAlg             INFO  muon pt is 174.856
MyMETAlg             INFO  electron pt is 3.72531
MyMETAlg             INFO  muon pt is 25.0979
MyMETAlg             INFO  electron pt is 6.45111
MyMETAlg             INFO  muon pt is 25.0979
MyMETAlg             INFO  electron pt is 2.97691
MyMETAlg             INFO  muon pt is 56.1375
MyMETAlg             INFO  electron pt is 6.4898
MyMETAlg             INFO  muon pt is 35.6781
MyMETAlg             INFO  electron pt is 12.5366
MyMETAlg             INFO  muon pt is 35.2989
MyMETAlg             INFO  electron pt is 11.9532
MyMETAlg             INFO  muon pt is 35.2989
MyMETAlg             INFO  electron pt is 3.9732
MyMETAlg             INFO  muon pt is 35.2989
MyMETAlg             INFO  electron pt is 4.82758
MyMETAlg             INFO  muon pt is 37.6167
MyMETAlg             INFO  electron pt is 19.4755
MyMETAlg             INFO  muon pt is 37.6167
MyMETAlg             INFO  electron pt is 9.89333
MyMETAlg             INFO  muon pt is 37.6167
MyMETAlg             INFO  electron pt is 9.06598
MyMETAlg             INFO  muon pt is 37.6167
MyMETAlg             INFO  electron pt is 6.25766
MyMETAlg             INFO  muon pt is 37.6167
MyMETAlg             INFO  electron pt is 6.06655
MyMETAlg             INFO  muon pt is 37.6167
MyMETAlg             INFO  electron pt is 5.49114
MyMETAlg             INFO  muon pt is 37.6167
MyMETAlg             INFO  electron pt is 4.11253
MyMETAlg             INFO  muon pt is 37.6167
MyMETAlg             INFO  electron pt is 4.87984
MyMETAlg             INFO  muon pt is 37.6167
MyMETAlg             INFO  electron pt is 3.00376
MyMETAlg             INFO  muon pt is 37.6167
MyMETAlg             INFO  electron pt is 5.33774
MyMETAlg             INFO  muon pt is 37.6167
MyMETAlg             INFO  electron pt is 3.04772
MyMETAlg             INFO  muon pt is 50.933
MyMETAlg             INFO  electron pt is 4.05521
MyMETAlg             INFO  muon pt is 50.933
MyMETAlg             INFO  electron pt is 3.84052
MyMETAlg             INFO  muon pt is 32.5869
MyMETAlg             INFO  electron pt is 3.93869
MyMETAlg             INFO  muon pt is 32.786
MyMETAlg             INFO  electron pt is 5.83353
ApplicationMgr       INFO Application Manager Stopped successfully
MyMETAlg             INFO Histogram written to file 
MyMETAlg             INFO Finalizing MyMETAlg...
AthAlgSeq            INFO Finalizing AthAlgSeq...
ToolSvc              INFO Removing all tools created by ToolSvc
ToolSvc.TrigDec...   INFO TDT finalized and removed from instance list
ToolSvc.myJESTool    INFO Finalizing ToolSvc.myJESTool...
ToolSvc.METMaker     INFO Finalizing ToolSvc.METMaker...
*****Chrono*****     INFO ****************************************************************************************************
*****Chrono*****     INFO  The Final CPU consumption ( Chrono ) Table (ordered)
*****Chrono*****     INFO ****************************************************************************************************
AthenaSealSvc::...   INFO Time User   : Tot=   14 [ms]                                             #=  1
ChronoStatSvc        INFO Time User   : Tot= 42.3  [s]                                             #=  1
*****Chrono*****     INFO ****************************************************************************************************
ChronoStatSvc.f...   INFO  Service finalized successfully 
ApplicationMgr       INFO Application Manager Finalized successfully
ApplicationMgr       INFO Application Manager Terminated successfully
Py:Athena            INFO leaving with code 0: "successful run"
