Thu Mar 23 16:42:48 GMT 2017
Py:Athena            INFO including file "AthenaCommon/Preparation.py"
Py:Athena            INFO using release [AthAnalysisBase-2.4.25] [x86_64-slc6-gcc49-opt] [AthAnalysisBase-2.4.X/rel_3] -- built on [2017-01-18 06:13]
Py:Athena            INFO including file "AthenaCommon/Bootstrap.py"
Py:Athena            INFO including file "AthenaCommon/Atlas.UnixStandardJob.py"
Py:Athena            INFO executing ROOT6Setup
[?1034hPy:Athena            INFO including file "AthenaCommon/Execution.py"
Py:Athena            INFO including file "testMetMaker/share/MyAlgJobo.py"
Py:ConfigurableDb    INFO Read module info for 623 configurables from 3 genConfDb files
Py:ConfigurableDb    INFO No duplicates have been found: that's good !
Py:Athena            INFO including file "AthAnalysisBaseComps/SuppressLogging.py"
Py:Athena            INFO including file "AthenaCommon/runbatch.py"
ApplicationMgr       INFO Updating Gaudi::PluginService::SetDebug(level) to level=0
ApplicationMgr    SUCCESS 
====================================================================================================================================
                                                   Welcome to ApplicationMgr (GaudiCoreSvc v3r4)
                                          running on pplxint8.physics.ox.ac.uk on Thu Mar 23 16:42:54 2017
====================================================================================================================================
ApplicationMgr       INFO Successfully loaded modules : AthenaServices
ApplicationMgr       INFO Application Manager Configured successfully
ApplicationMgr       INFO Updating Gaudi::PluginService::SetDebug(level) to level=0
StatusCodeSvc        INFO initialize
ChronoStatSvc        INFO  Number of skipped events for MemStat-1
AthAlgSeq            INFO Member list: CP::CalibratedMuonsProvider, CP::CalibratedEgammaProvider/ElectronCalib, CP::CalibratedEgammaProvider/PhotonCalib, MyAlg/MyMETAlg
ToolSvc.MuonCal...   INFO Initialising...
ElectronCalib        INFO Initialising...
ToolSvc.AutoCon...   INFO Initialization
ToolSvc.AutoCon...WARNING no decorrelation model specified, assuming full model
eg_resolution        INFO Initialize eg_resolution
egammaMVACalib       INFO Accessing calibration from egammaMVACalib/v1
egammaMVACalib       INFO Reading weights from egammaMVACalib/v1
egammaMVACalib       INFO 102 readers created
egammaMVACalib       INFO egammaMVACalib::printReadersInfo 100 eta bin(s) -- ( 0 < abs(el_cl_eta) < 2.47
egammaMVACalib       INFO egammaMVACalib::printReadersInfo 100 energy bin(s) -- ( 0  < (el_rawcl_Es1 + el_rawcl_Es2 + el_rawcl_Es3)/cosh(el_cl_eta) < 50000GeV
egammaMVACalib       INFO Number of variables:8
EgammaMVATool        INFO Using layer correction
EgammaMVATool        INFO 9 variables for electrons
MVATreeElectron      INFO creating tree for 9 variables: el_cl_E,el_cl_eta,el_cl_etaCalo,el_cl_phiCalo,el_rawcl_Es0,el_rawcl_Es1,el_rawcl_Es2,el_rawcl_Es3,el_rawcl_calibHitsShowerDepth
